

09:50:18:> status
-----------------
map: uss_serenity_a
num score ping name            lastmsg address               qport rate
--- ----- ---- --------------- ------- --------------------- ----- -----



09:50:53:> status
-----------------
map: uss_serenity_a
num score ping name            lastmsg address               qport rate
--- ----- ---- --------------- ------- --------------------- ----- -----



09:51:15:> status
-----------------
map: uss_serenity_a
num score ping name            lastmsg address               qport rate
--- ----- ---- --------------- ------- --------------------- ----- -----



09:51:15:> serverinfo
---------------------
Server info settings:
g_needpass          1
capturelimit        8
g_maxGameClients    0
gamename            RPG v1.0.1
g_gravity           800
g_speed             320
URL                 www.alpha-quadrant.net
Location            Texas
Hours               24 / 7
Group               Alpha Quadrant RolePlaying
Admin               AQRP Admins
g_friendlyfire      1
g_allowvote         1
bot_minplayers      0
sv_allowDownload    0
sv_pure             0
sv_floodProtect     1
sv_maxPing          0
sv_minPing          0
sv_maxRate          0
sv_maxclients       14
sv_hostname         AQRP RolePlaying Server
sv_privateClients   0
mapname             uss_serenity_a
protocol            24
g_pModElimination   0
g_pModActionHero    0
g_pModDisintegration0
g_pModAssimilation  0
g_pModSpecialties   0
g_gametype          0
timelimit           0
fraglimit           0
dmflags             0
version             ST:V HM v1.20 linux-i386 Apr 17 2001


09:53:02:> status
-----------------
map: uss_serenity_a
num score ping name            lastmsg address               qport rate
--- ----- ---- --------------- ------- --------------------- ----- -----



09:53:26:> status
-----------------
map: uss_serenity_a
num score ping name            lastmsg address               qport rate
--- ----- ---- --------------- ------- --------------------- ----- -----



09:53:52:> status
-----------------
map: uss_serenity_a
num score ping name            lastmsg address               qport rate
--- ----- ---- --------------- ------- --------------------- ----- -----



09:54:10:> status
-----------------
map: uss_serenity_a
num score ping name            lastmsg address               qport rate
--- ----- ---- --------------- ------- --------------------- ----- -----



09:55:28:> status
-----------------
Bad rconpassword.


09:57:13:> status
-----------------
map: uss_serenity_a
num score ping name            lastmsg address               qport rate
--- ----- ---- --------------- ------- --------------------- ----- -----



09:57:18:> quit
---------------


10:00:11:> status
-----------------
map: uss_serenity_a
num score ping name            lastmsg address               qport rate
--- ----- ---- --------------- ------- --------------------- ----- -----



10:00:46:> status
-----------------
map: uss_serenity_a
num score ping name            lastmsg address               qport rate
--- ----- ---- --------------- ------- --------------------- ----- -----



10:00:50:> status
-----------------
map: uss_serenity_a
num score ping name            lastmsg address               qport rate
--- ----- ---- --------------- ------- --------------------- ----- -----



10:07:20:> status
-----------------
map: uss_serenity_a
num score ping name            lastmsg address               qport rate
--- ----- ---- --------------- ------- --------------------- ----- -----



10:14:41:> status
-----------------
map: uss_serenity_a
num score ping name            lastmsg address               qport rate
--- ----- ---- --------------- ------- --------------------- ----- -----



10:15:00:> status
-----------------
map: uss_serenity_a
num score ping name            lastmsg address               qport rate
--- ----- ---- --------------- ------- --------------------- ----- -----



10:15:29:> status
-----------------
map: uss_serenity_a
num score ping name            lastmsg address               qport rate
--- ----- ---- --------------- ------- --------------------- ----- -----



10:16:48:> status
-----------------
map: uss_serenity_a
num score ping name            lastmsg address               qport rate
--- ----- ---- --------------- ------- --------------------- ----- -----



10:16:52:> status
-----------------
map: uss_serenity_a
num score ping name            lastmsg address               qport rate
--- ----- ---- --------------- ------- --------------------- ----- -----



10:16:53:> hi
-------------


10:17:17:> status
-----------------
map: uss_serenity_a
num score ping name            lastmsg address               qport rate
--- ----- ---- --------------- ------- --------------------- ----- -----



10:17:22:> status
-----------------
map: uss_serenity_a
num score ping name            lastmsg address               qport rate
--- ----- ---- --------------- ------- --------------------- ----- -----



10:17:26:> hi
-------------


10:17:28:> hi there
-------------------


10:17:31:> status
-----------------
map: uss_serenity_a
num score ping name            lastmsg address               qport rate
--- ----- ---- --------------- ------- --------------------- ----- -----



10:17:33:> status
-----------------
map: uss_serenity_a
num score ping name            lastmsg address               qport rate
--- ----- ---- --------------- ------- --------------------- ----- -----



10:17:35:> hii
--------------


10:20:04:> status
-----------------
map: uss_serenity_a
num score ping name            lastmsg address               qport rate
--- ----- ---- --------------- ------- --------------------- ----- -----



10:20:07:> status
-----------------
map: uss_serenity_a
num score ping name            lastmsg address               qport rate
--- ----- ---- --------------- ------- --------------------- ----- -----



10:20:09:> hi
-------------


10:20:34:> status
-----------------
map: uss_serenity_a
num score ping name            lastmsg address               qport rate
--- ----- ---- --------------- ------- --------------------- ----- -----



10:20:37:> status
-----------------
map: uss_serenity_a
num score ping name            lastmsg address               qport rate
--- ----- ---- --------------- ------- --------------------- ----- -----



10:20:39:> jo
-------------


10:20:40:> loo
--------------


10:20:57:> status
-----------------
map: uss_serenity_a
num score ping name            lastmsg address               qport rate
--- ----- ---- --------------- ------- --------------------- ----- -----



10:20:59:> a
------------


10:21:01:> devmap
-----------------
Can't find map maps/.bsp


10:21:02:> f
------------


10:23:05:> status
-----------------
map: uss_serenity_a
num score ping name            lastmsg address               qport rate
--- ----- ---- --------------- ------- --------------------- ----- -----



10:23:07:> hi
-------------


10:23:08:> test
---------------


10:23:10:> status
-----------------
map: uss_serenity_a
num score ping name            lastmsg address               qport rate
--- ----- ---- --------------- ------- --------------------- ----- -----



10:23:11:> status
-----------------
map: uss_serenity_a
num score ping name            lastmsg address               qport rate
--- ----- ---- --------------- ------- --------------------- ----- -----



10:46:36:> status
-----------------
map: uss_serenity_a
num score ping name            lastmsg address               qport rate
--- ----- ---- --------------- ------- --------------------- ----- -----



10:47:18:> status
-----------------
map: uss_serenity_a
num score ping name            lastmsg address               qport rate
--- ----- ---- --------------- ------- --------------------- ----- -----



10:47:35:> status
-----------------
map: uss_serenity_a
num score ping name            lastmsg address               qport rate
--- ----- ---- --------------- ------- --------------------- ----- -----



10:47:50:> status
-----------------
map: uss_serenity_a
num score ping name            lastmsg address               qport rate
--- ----- ---- --------------- ------- --------------------- ----- -----



10:58:02:> status
-----------------
map: uss_serenity_a
num score ping name            lastmsg address               qport rate
--- ----- ---- --------------- ------- --------------------- ----- -----



10:59:14:> dir map
------------------


10:59:17:> maplist
------------------


11:00:09:> status
-----------------
map: uss_serenity_a
num score ping name            lastmsg address               qport rate
--- ----- ---- --------------- ------- --------------------- ----- -----



11:00:28:> status
-----------------


11:00:40:> status
-----------------
map: uss_serenity_a
num score ping name            lastmsg address               qport rate
--- ----- ---- --------------- ------- --------------------- ----- -----

